# JRE version: OpenJDK Runtime Environment (11.0.11+9) (build 11.0.11+9-Ubuntu-0ubuntu2.20.04)
# Java VM: OpenJDK 64-Bit Server VM (11.0.11+9-Ubuntu-0ubuntu2.20.04, mixed mode, sharing, tiered, compressed oops, g1 gc, linux-amd64)
Heap:
 garbage-first heap   total 371712K, used 37576K [0x0000000085200000, 0x0000000100000000)
  region size 1024K, 12 young (12288K), 1 survivors (1024K)
 Metaspace       used 65829K, capacity 67690K, committed 67840K, reserved 1107968K
  class space    used 8454K, capacity 9162K, committed 9216K, reserved 1048576K
GC Heap History (20 events):
Event: 3.119 GC heap before
{Heap before GC invocations=6 (full 0):
 garbage-first heap   total 168960K, used 74238K [0x0000000085200000, 0x0000000100000000)
  region size 1024K, 68 young (69632K), 3 survivors (3072K)
 Metaspace       used 16833K, capacity 17422K, committed 17664K, reserved 1064960K
  class space    used 1990K, capacity 2221K, committed 2304K, reserved 1048576K
}
Event: 3.131 GC heap after
{Heap after GC invocations=7 (full 0):
 garbage-first heap   total 168960K, used 9485K [0x0000000085200000, 0x0000000100000000)
  region size 1024K, 4 young (4096K), 4 survivors (4096K)
 Metaspace       used 16833K, capacity 17422K, committed 17664K, reserved 1064960K
  class space    used 1990K, capacity 2221K, committed 2304K, reserved 1048576K
}
Event: 3.866 GC heap before
{Heap before GC invocations=7 (full 0):
 garbage-first heap   total 168960K, used 94477K [0x0000000085200000, 0x0000000100000000)
  region size 1024K, 88 young (90112K), 4 survivors (4096K)
 Metaspace       used 19892K, capacity 20623K, committed 20864K, reserved 1067008K
  class space    used 2349K, capacity 2665K, committed 2688K, reserved 1048576K
}
Event: 3.896 GC heap after
{Heap after GC invocations=8 (full 0):
 garbage-first heap   total 168960K, used 11435K [0x0000000085200000, 0x0000000100000000)
  region size 1024K, 6 young (6144K), 6 survivors (6144K)
 Metaspace       used 19892K, capacity 20623K, committed 20864K, reserved 1067008K
  class space    used 2349K, capacity 2665K, committed 2688K, reserved 1048576K
}
Event: 4.046 GC heap before
{Heap before GC invocations=8 (full 0):
 garbage-first heap   total 168960K, used 23723K [0x0000000085200000, 0x0000000100000000)
  region size 1024K, 19 young (19456K), 6 survivors (6144K)
 Metaspace       used 20348K, capacity 21118K, committed 21248K, reserved 1067008K
  class space    used 2405K, capacity 2722K, committed 2816K, reserved 1048576K
}
Event: 4.072 GC heap after
{Heap after GC invocations=9 (full 0):
 garbage-first heap   total 231424K, used 11720K [0x0000000085200000, 0x0000000100000000)
  region size 1024K, 6 young (6144K), 6 survivors (6144K)
 Metaspace       used 20348K, capacity 21118K, committed 21248K, reserved 1067008K
  class space    used 2405K, capacity 2722K, committed 2816K, reserved 1048576K
}
Event: 5.724 GC heap before
{Heap before GC invocations=10 (full 0):
 garbage-first heap   total 231424K, used 117192K [0x0000000085200000, 0x0000000100000000)
  region size 1024K, 109 young (111616K), 6 survivors (6144K)
 Metaspace       used 28116K, capacity 29321K, committed 29568K, reserved 1075200K
  class space    used 3453K, capacity 3922K, committed 3968K, reserved 1048576K
}
Event: 5.769 GC heap after
{Heap after GC invocations=11 (full 0):
 garbage-first heap   total 231424K, used 15358K [0x0000000085200000, 0x0000000100000000)
  region size 1024K, 10 young (10240K), 10 survivors (10240K)
 Metaspace       used 28116K, capacity 29321K, committed 29568K, reserved 1075200K
  class space    used 3453K, capacity 3922K, committed 3968K, reserved 1048576K
}
Event: 6.476 GC heap before
{Heap before GC invocations=11 (full 0):
 garbage-first heap   total 231424K, used 138238K [0x0000000085200000, 0x0000000100000000)
  region size 1024K, 131 young (134144K), 10 survivors (10240K)
 Metaspace       used 31460K, capacity 32637K, committed 32768K, reserved 1077248K
  class space    used 3882K, capacity 4346K, committed 4352K, reserved 1048576K
}
Event: 6.516 GC heap after
{Heap after GC invocations=12 (full 0):
 garbage-first heap   total 231424K, used 16274K [0x0000000085200000, 0x0000000100000000)
  region size 1024K, 10 young (10240K), 10 survivors (10240K)
 Metaspace       used 31460K, capacity 32637K, committed 32768K, reserved 1077248K
  class space    used 3882K, capacity 4346K, committed 4352K, reserved 1048576K
}
Event: 6.851 GC heap before
{Heap before GC invocations=12 (full 0):
 garbage-first heap   total 231424K, used 49042K [0x0000000085200000, 0x0000000100000000)
  region size 1024K, 43 young (44032K), 10 survivors (10240K)
 Metaspace       used 34543K, capacity 35764K, committed 35840K, reserved 1081344K
  class space    used 4317K, capacity 4788K, committed 4864K, reserved 1048576K
}
Event: 6.877 GC heap after
{Heap after GC invocations=13 (full 0):
 garbage-first heap   total 231424K, used 16855K [0x0000000085200000, 0x0000000100000000)
  region size 1024K, 10 young (10240K), 10 survivors (10240K)
 Metaspace       used 34543K, capacity 35764K, committed 35840K, reserved 1081344K
  class space    used 4317K, capacity 4788K, committed 4864K, reserved 1048576K
}
Event: 8.269 GC heap before
{Heap before GC invocations=14 (full 0):
 garbage-first heap   total 231424K, used 119255K [0x0000000085200000, 0x0000000100000000)
  region size 1024K, 111 young (113664K), 10 survivors (10240K)
 Metaspace       used 45613K, capacity 46955K, committed 47104K, reserved 1089536K
  class space    used 5871K, capacity 6383K, committed 6400K, reserved 1048576K
}
Event: 8.309 GC heap after
{Heap after GC invocations=15 (full 0):
 garbage-first heap   total 371712K, used 20513K [0x0000000085200000, 0x0000000100000000)
  region size 1024K, 11 young (11264K), 11 survivors (11264K)
 Metaspace       used 45613K, capacity 46955K, committed 47104K, reserved 1089536K
  class space    used 5871K, capacity 6383K, committed 6400K, reserved 1048576K
}
Event: 10.575 GC heap before
{Heap before GC invocations=15 (full 0):
 garbage-first heap   total 371712K, used 199713K [0x0000000085200000, 0x0000000100000000)
  region size 1024K, 188 young (192512K), 11 survivors (11264K)
 Metaspace       used 58274K, capacity 59973K, committed 60160K, reserved 1101824K
  class space    used 7593K, capacity 8242K, committed 8320K, reserved 1048576K
}
Event: 10.614 GC heap after
{Heap after GC invocations=16 (full 0):
 garbage-first heap   total 371712K, used 25121K [0x0000000085200000, 0x0000000100000000)
  region size 1024K, 16 young (16384K), 16 survivors (16384K)
 Metaspace       used 58274K, capacity 59973K, committed 60160K, reserved 1101824K
  class space    used 7593K, capacity 8242K, committed 8320K, reserved 1048576K
}
Event: 1186.097 GC heap before
{Heap before GC invocations=17 (full 0):
 garbage-first heap   total 371712K, used 140833K [0x0000000085200000, 0x0000000100000000)
  region size 1024K, 130 young (133120K), 16 survivors (16384K)
 Metaspace       used 65624K, capacity 67494K, committed 67584K, reserved 1107968K
  class space    used 8433K, capacity 9161K, committed 9216K, reserved 1048576K
}
Event: 1186.451 GC heap after
{Heap after GC invocations=18 (full 0):
 garbage-first heap   total 371712K, used 28068K [0x0000000085200000, 0x0000000100000000)
  region size 1024K, 9 young (9216K), 9 survivors (9216K)
 Metaspace       used 65624K, capacity 67494K, committed 67584K, reserved 1107968K
  class space    used 8433K, capacity 9161K, committed 9216K, reserved 1048576K
}
Event: 1198.704 GC heap before
{Heap before GC invocations=18 (full 0):
 garbage-first heap   total 371712K, used 40356K [0x0000000085200000, 0x0000000100000000)
  region size 1024K, 22 young (22528K), 9 survivors (9216K)
 Metaspace       used 65801K, capacity 67689K, committed 67840K, reserved 1107968K
  class space    used 8454K, capacity 9162K, committed 9216K, reserved 1048576K
}
Event: 1198.751 GC heap after
{Heap after GC invocations=19 (full 0):
 garbage-first heap   total 371712K, used 27336K [0x0000000085200000, 0x0000000100000000)
  region size 1024K, 1 young (1024K), 1 survivors (1024K)
 Metaspace       used 65801K, capacity 67689K, committed 67840K, reserved 1107968K
  class space    used 8454K, capacity 9162K, committed 9216K, reserved 1048576K
}

